Determining if the pthread_create exist failed with the following output:
Change Dir: /home/baptiste/Documents/université/S6/Sys Intelligents/DISTRIBUTION/CMakeFiles/CMakeTmp

Run Build Command:"/usr/bin/make" "cmTC_8e0f9/fast"
/usr/bin/make -f CMakeFiles/cmTC_8e0f9.dir/build.make CMakeFiles/cmTC_8e0f9.dir/build
make[1] : on entre dans le répertoire « /home/baptiste/Documents/université/S6/Sys Intelligents/DISTRIBUTION/CMakeFiles/CMakeTmp »
Building C object CMakeFiles/cmTC_8e0f9.dir/CheckSymbolExists.c.o
/usr/bin/cc     -o CMakeFiles/cmTC_8e0f9.dir/CheckSymbolExists.c.o   -c "/home/baptiste/Documents/université/S6/Sys Intelligents/DISTRIBUTION/CMakeFiles/CMakeTmp/CheckSymbolExists.c"
Linking C executable cmTC_8e0f9
/usr/bin/cmake -E cmake_link_script CMakeFiles/cmTC_8e0f9.dir/link.txt --verbose=1
/usr/bin/cc       CMakeFiles/cmTC_8e0f9.dir/CheckSymbolExists.c.o  -o cmTC_8e0f9 -rdynamic 
CMakeFiles/cmTC_8e0f9.dir/CheckSymbolExists.c.o : Dans la fonction « main » :
CheckSymbolExists.c:(.text+0x16) : référence indéfinie vers « pthread_create »
collect2: error: ld returned 1 exit status
CMakeFiles/cmTC_8e0f9.dir/build.make:97 : la recette pour la cible « cmTC_8e0f9 » a échouée
make[1]: *** [cmTC_8e0f9] Erreur 1
make[1] : on quitte le répertoire « /home/baptiste/Documents/université/S6/Sys Intelligents/DISTRIBUTION/CMakeFiles/CMakeTmp »
Makefile:126 : la recette pour la cible « cmTC_8e0f9/fast » a échouée
make: *** [cmTC_8e0f9/fast] Erreur 2

File /home/baptiste/Documents/université/S6/Sys Intelligents/DISTRIBUTION/CMakeFiles/CMakeTmp/CheckSymbolExists.c:
/* */
#include <pthread.h>

int main(int argc, char** argv)
{
  (void)argv;
#ifndef pthread_create
  return ((int*)(&pthread_create))[argc];
#else
  (void)argc;
  return 0;
#endif
}

Determining if the function pthread_create exists in the pthreads failed with the following output:
Change Dir: /home/baptiste/Documents/université/S6/Sys Intelligents/DISTRIBUTION/CMakeFiles/CMakeTmp

Run Build Command:"/usr/bin/make" "cmTC_35667/fast"
/usr/bin/make -f CMakeFiles/cmTC_35667.dir/build.make CMakeFiles/cmTC_35667.dir/build
make[1] : on entre dans le répertoire « /home/baptiste/Documents/université/S6/Sys Intelligents/DISTRIBUTION/CMakeFiles/CMakeTmp »
Building C object CMakeFiles/cmTC_35667.dir/CheckFunctionExists.c.o
/usr/bin/cc    -DCHECK_FUNCTION_EXISTS=pthread_create   -o CMakeFiles/cmTC_35667.dir/CheckFunctionExists.c.o   -c /usr/share/cmake-3.5/Modules/CheckFunctionExists.c
Linking C executable cmTC_35667
/usr/bin/cmake -E cmake_link_script CMakeFiles/cmTC_35667.dir/link.txt --verbose=1
/usr/bin/cc   -DCHECK_FUNCTION_EXISTS=pthread_create    CMakeFiles/cmTC_35667.dir/CheckFunctionExists.c.o  -o cmTC_35667 -rdynamic -lpthreads 
/usr/bin/ld : ne peut trouver -lpthreads
collect2: error: ld returned 1 exit status
CMakeFiles/cmTC_35667.dir/build.make:97 : la recette pour la cible « cmTC_35667 » a échouée
make[1]: *** [cmTC_35667] Erreur 1
make[1] : on quitte le répertoire « /home/baptiste/Documents/université/S6/Sys Intelligents/DISTRIBUTION/CMakeFiles/CMakeTmp »
Makefile:126 : la recette pour la cible « cmTC_35667/fast » a échouée
make: *** [cmTC_35667/fast] Erreur 2


